[www.shindiristudio.com/timeline/index.html]
[backblue.gif]
[fade.gif]
[index.html]
[www.shindiristudio.com/timeline/css/flat.css]
[www.shindiristudio.com/timeline/css/style.css]
[www.shindiristudio.com/timeline/css/lightbox.css]
[www.shindiristudio.com/timeline/css/jquery.mCustomScrollbar.css]
[ajax.googleapis.com/ajax/libs/jquery/1.9.1/jquery.min.js]
[www.shindiristudio.com/timeline/js/jquery.easing.1.3.js]
[www.shindiristudio.com/timeline/js/jquery.mCustomScrollbar.js]
[www.shindiristudio.com/timeline/js/jquery.timeline.min.js]
[www.shindiristudio.com/timeline/js/image.js]
[www.shindiristudio.com/timeline/js/lightbox.js]
[www.shindiristudio.com/timeline/light.html]
[www.shindiristudio.com/timeline/card.html]
[www.shindiristudio.com/timeline/dark.html]
[www.shindiristudio.com/timeline/images/timeline/loadingAnimation.gif]
[www.shindiristudio.com/timeline/images/flat/default/1.jpg]
[www.shindiristudio.com/timeline/images/flat/default/2.jpg]
[www.shindiristudio.com/timeline/images/flat/default/3.jpg]
[www.shindiristudio.com/timeline/images/flat/default/4.jpg]
[www.shindiristudio.com/timeline/images/flat/default/5.jpg]
[www.shindiristudio.com/timeline/images/flat/default/6.jpg]
[www.shindiristudio.com/timeline/images/flat/default/7.jpg]
[www.shindiristudio.com/timeline/images/flat/default/8.jpg]
[www.shindiristudio.com/timeline/images/flat/default/9.jpg]
[www.shindiristudio.com/timeline/images/flat/default/10.jpg]
[www.shindiristudio.com/timeline/images/flat/default/11.jpg]
[www.shindiristudio.com/timeline/images/flat/default/12.jpg]
[www.shindiristudio.com/timeline/images/flat/blog/1.jpg]
[www.shindiristudio.com/timeline/images/flat/blog/2.jpg]
[www.shindiristudio.com/timeline/images/flat/blog/3.jpg]
[www.shindiristudio.com/timeline/images/flat/blog/4.jpg]
[www.shindiristudio.com/timeline/images/flat/blog/5.jpg]
[www.shindiristudio.com/timeline/images/flat/blog/6.jpg]
[www.shindiristudio.com/timeline/images/flat/blog/7.jpg]
[www.shindiristudio.com/timeline/images/flat/blog/8.jpg]
[www.shindiristudio.com/timeline/images/flat/blog/9.jpg]
[www.shindiristudio.com/timeline/images/flat/blog/10.jpg]
[www.shindiristudio.com/timeline/images/flat/blog/11.jpg]
[www.shindiristudio.com/timeline/images/flat/blog/12.jpg]
[www.shindiristudio.com/timeline/images/flat/portfolio/1.jpg]
[www.shindiristudio.com/timeline/images/flat/portfolio/2.jpg]
[www.shindiristudio.com/timeline/images/flat/portfolio/3.jpg]
[www.shindiristudio.com/timeline/images/flat/portfolio/4.jpg]
[www.shindiristudio.com/timeline/images/flat/portfolio/5.jpg]
[www.shindiristudio.com/timeline/images/flat/portfolio/6.jpg]
[www.shindiristudio.com/timeline/images/flat/portfolio/7.jpg]
[www.shindiristudio.com/timeline/images/flat/portfolio/8.jpg]
[www.shindiristudio.com/timeline/images/flat/portfolio/9.jpg]
[www.shindiristudio.com/timeline/images/flat/portfolio/10.jpg]
[www.shindiristudio.com/timeline/images/flat/portfolio/11.jpg]
[www.shindiristudio.com/timeline/images/flat/portfolio/12.jpg]
[www.shindiristudio.com/timeline/documentation.html]
[www.shindiristudio.com/timeline/index.html]
[www.shindiristudio.com/timeline/css/fonts/awesome/fontawesome-webfontba72.eot]
[www.shindiristudio.com/timeline/css/fonts/awesome/fontawesome-webfontd41d.eot]
[www.shindiristudio.com/timeline/css/fonts/awesome/fontawesome-webfontba72.woff]
[www.shindiristudio.com/timeline/images/timeline/light/line.jpg]
[www.shindiristudio.com/timeline/images/timeline/clean/blck-arrow-left.png]
[www.shindiristudio.com/timeline/images/timeline/clean/blck-arrow-right.png]
[www.shindiristudio.com/timeline/css/flat.css]
[www.shindiristudio.com/timeline/css/fonts/bebas/bebasneue-webfont.eot]
[www.shindiristudio.com/timeline/css/fonts/bebas/bebasneue-webfont.woff]
[www.shindiristudio.com/timeline/css/fonts/bebas/bebasneue-webfontd41d.eot]
[www.shindiristudio.com/timeline/css/fonts/ptsans/pts55f-webfont.eot]
[www.shindiristudio.com/timeline/css/fonts/ptsans/pts55f-webfont.woff]
[www.shindiristudio.com/timeline/css/fonts/ptsans/pts55f-webfontd41d.eot]
[www.shindiristudio.com/timeline/images/background.png]
[www.shindiristudio.com/timeline/images/zoomIn.png]
[www.shindiristudio.com/timeline/images/glass.png]
[www.shindiristudio.com/timeline/css/style.css]
[www.shindiristudio.com/timeline/images/lightbox/close.png]
[www.shindiristudio.com/timeline/images/lightbox/loading.gif]
[www.shindiristudio.com/timeline/images/lightbox/prev.png]
[www.shindiristudio.com/timeline/images/lightbox/next.png]
[www.shindiristudio.com/timeline/css/lightbox.css]
[www.shindiristudio.com/timeline/css/mCSB_buttons.png]
[www.shindiristudio.com/timeline/css/jquery.mCustomScrollbar.css]
[www.shindiristudio.com/timeline/css/light.css]
[www.shindiristudio.com/timeline/index-2.html]
[www.shindiristudio.com/timeline/images/light/timeline_content/1w.jpg]
[www.shindiristudio.com/timeline/images/light/thumbnails/1.jpg]
[www.shindiristudio.com/timeline/ajax-content6c4e.html]
[www.shindiristudio.com/timeline/images/light/timeline_content/2w.jpg]
[www.shindiristudio.com/timeline/images/light/thumbnails/2.jpg]
[www.shindiristudio.com/timeline/ajax-content545a.html]
[www.shindiristudio.com/timeline/images/light/timeline_content/3w.jpg]
[www.shindiristudio.com/timeline/images/light/thumbnails/3.jpg]
[www.shindiristudio.com/timeline/ajax-content4b14.html]
[www.shindiristudio.com/timeline/images/light/timeline_content/4w.jpg]
[www.shindiristudio.com/timeline/images/light/thumbnails/4.jpg]
[www.shindiristudio.com/timeline/ajax-content2714.html]
[www.shindiristudio.com/timeline/images/light/timeline_content/5w.jpg]
[www.shindiristudio.com/timeline/images/light/thumbnails/5.jpg]
[www.shindiristudio.com/timeline/ajax-content263c.html]
[www.shindiristudio.com/timeline/images/light/timeline_content/6w.jpg]
[www.shindiristudio.com/timeline/images/light/thumbnails/6.jpg]
[www.shindiristudio.com/timeline/ajax-contentba41.html]
[www.shindiristudio.com/timeline/images/light/timeline_content/7w.jpg]
[www.shindiristudio.com/timeline/images/light/thumbnails/7.jpg]
[www.shindiristudio.com/timeline/ajax-content4b61.html]
[www.shindiristudio.com/timeline/images/light/timeline_content/8w.jpg]
[www.shindiristudio.com/timeline/images/light/thumbnails/8.jpg]
[www.shindiristudio.com/timeline/ajax-contentd79c.html]
[www.shindiristudio.com/timeline/images/light/timeline_content/9w.jpg]
[www.shindiristudio.com/timeline/images/light/thumbnails/9.jpg]
[www.shindiristudio.com/timeline/ajax-content0d52.html]
[www.shindiristudio.com/timeline/images/light/timeline_content/10w.jpg]
[www.shindiristudio.com/timeline/images/light/thumbnails/10.jpg]
[www.shindiristudio.com/timeline/ajax-content5f26.html]
[www.shindiristudio.com/timeline/images/light/timeline_content/11w.jpg]
[www.shindiristudio.com/timeline/images/light/thumbnails/11.jpg]
[www.shindiristudio.com/timeline/ajax-content6a46.html]
[www.shindiristudio.com/timeline/images/light/timeline_content/12w.jpg]
[www.shindiristudio.com/timeline/images/light/thumbnails/12.jpg]
[www.shindiristudio.com/timeline/ajax-content2f53.html]
[www.shindiristudio.com/timeline/light.html]
[www.shindiristudio.com/timeline/css/card.css]
[www.shindiristudio.com/timeline/images/thumbnails/1.jpg]
[www.shindiristudio.com/timeline/images/thumbnails/2.jpg]
[www.shindiristudio.com/timeline/images/thumbnails/3.jpg]
[www.shindiristudio.com/timeline/images/thumbnails/4.jpg]
[www.shindiristudio.com/timeline/images/thumbnails/5.jpg]
[www.shindiristudio.com/timeline/images/thumbnails/6.jpg]
[www.shindiristudio.com/timeline/images/thumbnails/7.jpg]
[www.shindiristudio.com/timeline/images/thumbnails/8.jpg]
[www.shindiristudio.com/timeline/images/thumbnails/9.jpg]
[www.shindiristudio.com/timeline/images/thumbnails/10.jpg]
[www.shindiristudio.com/timeline/images/thumbnails/11.jpg]
[www.shindiristudio.com/timeline/images/thumbnails/12.jpg]
[www.shindiristudio.com/timeline/card.html]
[www.shindiristudio.com/timeline/css/dark.css]
[www.shindiristudio.com/timeline/images/icons/1.png]
[www.shindiristudio.com/timeline/images/icons/2.png]
[www.shindiristudio.com/timeline/images/icons/3.png]
[www.shindiristudio.com/timeline/images/icons/4.png]
[www.shindiristudio.com/timeline/images/icons/5.png]
[www.shindiristudio.com/timeline/images/icons/6.png]
[www.shindiristudio.com/timeline/images/icons/7.png]
[www.shindiristudio.com/timeline/images/icons/8.png]
[www.shindiristudio.com/timeline/images/icons/9.png]
[www.shindiristudio.com/timeline/images/icons/10.png]
[www.shindiristudio.com/timeline/images/icons/11.png]
[www.shindiristudio.com/timeline/images/icons/12.png]
[www.shindiristudio.com/timeline/dark.html]
[www.shindiristudio.com/timeline/images/preview-image.png]
[www.shindiristudio.com/timeline/images/preview-timeline.png]
[www.shindiristudio.com/timeline/documentation.html]
[www.shindiristudio.com/timeline/css/fonts/awesome/fontawesome-webfontba72.html]
[www.shindiristudio.com/timeline/css/fonts/awesome/fontawesome-webfontba72.svg]
[www.shindiristudio.com/timeline/css/fonts/bebas/bebasneue-webfont.html]
[www.shindiristudio.com/timeline/css/fonts/bebas/bebasneue-webfont.svg]
[www.shindiristudio.com/timeline/css/fonts/ptsans/pts55f-webfont.html]
[www.shindiristudio.com/timeline/css/fonts/ptsans/pts55f-webfont.svg]
[www.shindiristudio.com/timeline/css/mCSB_buttons.html]
[www.shindiristudio.com/timeline/images/timeline/light/dot.png]
[www.shindiristudio.com/timeline/images/timeline/light/dot-rollover.png]
[www.shindiristudio.com/timeline/images/timeline/light/dot-selected.png]
[www.shindiristudio.com/timeline/images/timeline/light/arrow.png]
[www.shindiristudio.com/timeline/images/timeline/light/background-white.jpg]
[www.shindiristudio.com/timeline/images/timeline/light/background.jpg]
[www.shindiristudio.com/timeline/images/timeline/light/big-arrow.png]
[www.shindiristudio.com/timeline/css/light.css]
[www.shindiristudio.com/timeline/index-2.html]
[www.shindiristudio.com/timeline/ajax-content6c4e.html]
[www.shindiristudio.com/timeline/ajax-content545a.html]
[www.shindiristudio.com/timeline/ajax-content4b14.html]
[www.shindiristudio.com/timeline/ajax-content2714.html]
[www.shindiristudio.com/timeline/ajax-content263c.html]
[www.shindiristudio.com/timeline/ajax-contentba41.html]
[www.shindiristudio.com/timeline/ajax-content4b61.html]
[www.shindiristudio.com/timeline/ajax-contentd79c.html]
[www.shindiristudio.com/timeline/ajax-content0d52.html]
[www.shindiristudio.com/timeline/ajax-content5f26.html]
[www.shindiristudio.com/timeline/ajax-content6a46.html]
[www.shindiristudio.com/timeline/ajax-content2f53.html]
[www.shindiristudio.com/timeline/css/card.css]
[www.shindiristudio.com/timeline/images/timeline/dark/line.jpg]
[www.shindiristudio.com/timeline/images/timeline/dark/dot.png]
[www.shindiristudio.com/timeline/images/timeline/dark/dot-rollover.png]
[www.shindiristudio.com/timeline/images/timeline/dark/dot-selected.png]
[www.shindiristudio.com/timeline/images/timeline/dark/arrow.png]
[www.shindiristudio.com/timeline/images/timeline/dark/background-gray.png]
[www.shindiristudio.com/timeline/images/timeline/dark/background-blue.jpg]
[www.shindiristudio.com/timeline/css/dark.css]
